<?xml version="1.0" encoding="UTF-8"?>
<!-- Generated by org.testng.reporters.JUnitReportReporter -->
<testsuite hostname="MONO-HYD-LAP-12" name="tests.TestClass" tests="3" failures="0" timestamp="1 Oct 2019 11:46:18 GMT" time="20.241" errors="0">
  <testcase name="test1" time="5.529" classname="tests.TestClass"/>
  <testcase name="test3" time="12.058" classname="tests.TestClass"/>
  <testcase name="test2" time="2.654" classname="tests.TestClass"/>
</testsuite> <!-- tests.TestClass -->
