<?xml version="1.0" encoding="UTF-8"?>
<!-- Generated by org.testng.reporters.JUnitReportReporter -->
<testsuite hostname="MONO-HYD-LAP-12" name="Appium.AppiumSelniumStepByStep.OpenCalCulator" tests="1" failures="0" timestamp="4 Oct 2019 14:22:20 GMT" time="22.389" errors="0">
  <testcase name="openCalCulatorExample" time="22.389" classname="Appium.AppiumSelniumStepByStep.OpenCalCulator"/>
</testsuite> <!-- Appium.AppiumSelniumStepByStep.OpenCalCulator -->
