<?xml version="1.0" encoding="UTF-8"?>
<!-- Generated by org.testng.reporters.JUnitReportReporter -->
<testsuite hostname="MONO-HYD-LAP-12" name="tests.BaseClass" tests="1" failures="0" timestamp="1 Oct 2019 08:30:49 GMT" time="0.003" errors="0">
  <testcase name="f" time="0.003" classname="tests.BaseClass"/>
</testsuite> <!-- tests.BaseClass -->
