<?xml version="1.0" encoding="UTF-8"?>
<!-- Generated by org.testng.reporters.JUnitReportReporter -->
<testsuite hostname="MONO-HYD-LAP-12" name="Appium.AppiumSelniumStepByStep.OpenCalCulator2" tests="1" failures="0" timestamp="29 Sep 2019 13:46:26 GMT" time="18.970" errors="0">
  <testcase name="openCalCulatorExample" time="18.970" classname="Appium.AppiumSelniumStepByStep.OpenCalCulator2"/>
</testsuite> <!-- Appium.AppiumSelniumStepByStep.OpenCalCulator2 -->
